<?xml version="1.0" encoding="UTF-8"?>
<!-- Generated by org.testng.reporters.JUnitXMLReporter -->
<testsuite ignored="9" hostname="DS03" failures="0" tests="12" name="Test" time="0.197" errors="0" timestamp="2026-08-07T07:14:38 IST">
  <testcase classname="testNG.SampleTest" name="createUserProfile" time="0.018"/>
  <testcase classname="testNG.SampleTest" name="deleteUserProfile" time="0.006"/>
  <testcase classname="testNG.SampleTest" name="modifyUserProfile" time="0.006"/>
  <testcase classname="testNG.SampleDependsOnMethodsTest" name="createUserProfile" time="0.003"/>
  <testcase classname="testNG.SampleDependsOnMethodsTest" name="modifyUserProfile" time="0.002"/>
  <testcase classname="testNG.SampleDependsOnMethodsTest" name="deleteUserProfile" time="0.003"/>
  <testcase classname="testNG.SamplePriorityInvocationCountTest" name="createUserProfile" time="0.003"/>
  <testcase classname="testNG.SamplePriorityInvocationCountTest" name="createUserProfile" time="0.005"/>
  <testcase classname="testNG.SamplePriorityInvocationCountTest" name="createUserProfile" time="0.002"/>
  <testcase classname="testNG.SamplePriorityInvocationCountTest" name="modifyUserProfile" time="0.007"/>
  <testcase classname="testNG.SamplePriorityInvocationCountTest" name="modifyUserProfile" time="0.003"/>
  <testcase classname="testNG.SamplePriorityInvocationCountTest" name="deleteUserProfile" time="0.004"/>
  <testcase classname="testNG.SampleEnabledTest" name="modifyUserProfile" time="0.0">
    <ignored/>
  </testcase> <!-- modifyUserProfile -->
  <testcase classname="testNG.SampleInvocationCountTest" name="deleteUserProfile" time="0.0">
    <ignored/>
  </testcase> <!-- deleteUserProfile -->
  <testcase classname="testNG.SampleInvocationCountTest" name="createUserProfile" time="0.0">
    <ignored/>
  </testcase> <!-- createUserProfile -->
  <testcase classname="testNG.SampleInvocationCountTest" name="modifyUserProfile" time="0.0">
    <ignored/>
  </testcase> <!-- modifyUserProfile -->
  <testcase classname="testNG.SampleEnabledTest" name="deleteUserProfile" time="0.0">
    <ignored/>
  </testcase> <!-- deleteUserProfile -->
  <testcase classname="testNG.SamplePriorityTest" name="createUserProfile" time="0.0">
    <ignored/>
  </testcase> <!-- createUserProfile -->
  <testcase classname="testNG.SampleEnabledTest" name="createUserProfile" time="0.0">
    <ignored/>
  </testcase> <!-- createUserProfile -->
  <testcase classname="testNG.SamplePriorityTest" name="deleteUserProfile" time="0.0">
    <ignored/>
  </testcase> <!-- deleteUserProfile -->
  <testcase classname="testNG.SamplePriorityTest" name="modifyUserProfile" time="0.0">
    <ignored/>
  </testcase> <!-- modifyUserProfile -->
</testsuite> <!-- Test -->
