<?xml version="1.0" encoding="UTF-8"?>
<!-- Generated by org.testng.reporters.JUnitXMLReporter -->
<testsuite ignored="1" hostname="DS03" failures="0" tests="2" name="Test5" time="0.119" errors="0" timestamp="2026-08-07T06:59:13 IST">
  <testcase classname="testNG.SampleEnabledTest" name="createUserProfile" time="0.026"/>
  <testcase classname="testNG.SampleEnabledTest" name="modifyUserProfile" time="0.003"/>
  <testcase classname="testNG.SampleEnabledTest" name="deleteUserProfile" time="0.0">
    <ignored/>
  </testcase> <!-- deleteUserProfile -->
</testsuite> <!-- Test5 -->
