<?xml version="1.0" encoding="UTF-8"?>
<!-- Generated by org.testng.reporters.JUnitXMLReporter -->
<testsuite ignored="0" hostname="DS03" failures="0" tests="6" name="Test4" time="0.173" errors="0" timestamp="2026-08-07T06:59:13 IST">
  <testcase classname="testNG.SamplePriorityInvocationCountTest" name="createUserProfile" time="0.024"/>
  <testcase classname="testNG.SamplePriorityInvocationCountTest" name="createUserProfile" time="0.01"/>
  <testcase classname="testNG.SamplePriorityInvocationCountTest" name="createUserProfile" time="0.004"/>
  <testcase classname="testNG.SamplePriorityInvocationCountTest" name="modifyUserProfile" time="0.005"/>
  <testcase classname="testNG.SamplePriorityInvocationCountTest" name="modifyUserProfile" time="0.002"/>
  <testcase classname="testNG.SamplePriorityInvocationCountTest" name="deleteUserProfile" time="0.003"/>
</testsuite> <!-- Test4 -->
