<?xml version="1.0" encoding="UTF-8"?>
<!-- Generated by org.testng.reporters.JUnitXMLReporter -->
<testsuite ignored="0" hostname="DS03" failures="0" tests="3" name="Test6" time="0.018" errors="0" timestamp="2026-08-07T06:59:14 IST">
  <testcase classname="testNG.SampleDependsOnMethodsTest" name="createUserProfile" time="0.001"/>
  <testcase classname="testNG.SampleDependsOnMethodsTest" name="modifyUserProfile" time="0.001"/>
  <testcase classname="testNG.SampleDependsOnMethodsTest" name="deleteUserProfile" time="0.001"/>
</testsuite> <!-- Test6 -->
