<?xml version="1.0" encoding="UTF-8"?>
<!-- Generated by org.testng.reporters.JUnitReportReporter -->
<testsuite hostname="DS03" failures="0" tests="3" name="testNG.SampleTest" time="0.030" errors="0" timestamp="2026-08-07T07:14:39 IST" skipped="0">
  <testcase classname="testNG.SampleTest" name="deleteUserProfile" time="0.006">
    <system-out>
      <![CDATA[User Profile Deleted successfully!]]>
    </system-out>
  </testcase> <!-- deleteUserProfile -->
  <testcase classname="testNG.SampleTest" name="createUserProfile" time="0.018">
    <system-out>
      <![CDATA[User Profile Created successfully!]]>
    </system-out>
  </testcase> <!-- createUserProfile -->
  <testcase classname="testNG.SampleTest" name="modifyUserProfile" time="0.006">
    <system-out>
      <![CDATA[User Profile Modified successfully!]]>
    </system-out>
  </testcase> <!-- modifyUserProfile -->
  <system-out>
    <![CDATA[User Profile Created successfully!
User Profile Deleted successfully!
User Profile Modified successfully!
User Profile Created successfully!
User Profile Modified successfully!
User Profile Deleted successfully!
User Profile Created successfully!
User Profile Created successfully!
User Profile Created successfully!
User Profile Modified successfully!
User Profile Modified successfully!
User Profile Deleted successfully!]]>
  </system-out>
</testsuite> <!-- testNG.SampleTest -->
