<?xml version="1.0" encoding="UTF-8"?>
<!-- Generated by org.testng.reporters.JUnitReportReporter -->
<testsuite hostname="DS03" failures="0" tests="3" name="testNG.DataProviderTest" time="0.019" errors="0" timestamp="2026-08-06T07:30:53 IST" skipped="0">
  <testcase classname="testNG.DataProviderTest" name="bookTicketTest" time="0.001"/>
  <testcase classname="testNG.DataProviderTest" name="bookTicketTest" time="0.002"/>
  <testcase classname="testNG.DataProviderTest" name="bookTicketTest" time="0.016"/>
</testsuite> <!-- testNG.DataProviderTest -->
