<?xml version="1.0" encoding="UTF-8"?>
<!-- Generated by org.testng.reporters.JUnitReportReporter -->
<testsuite hostname="DS03" failures="0" tests="2" name="testNG_validations.SoftAssertExample" time="0.037" errors="0" timestamp="2026-08-07T07:24:05 IST" skipped="0">
  <testcase classname="testNG_validations.SoftAssertExample" name="createCustomerTest" time="0.035"/>
  <testcase classname="testNG_validations.SoftAssertExample" name="deleteCustomerTest" time="0.002"/>
</testsuite> <!-- testNG_validations.SoftAssertExample -->
