<?xml version="1.0" encoding="UTF-8"?>
<testng-results ignored="0" total="2" passed="2" failed="0" skipped="0">
  <reporter-output>
  </reporter-output>
  <suite started-at="2026-08-07T07:24:05 IST" name="Default suite" finished-at="2026-08-07T07:24:05 IST" duration-ms="95">
    <groups>
    </groups>
    <test started-at="2026-08-07T07:24:05 IST" name="Default test" finished-at="2026-08-07T07:24:05 IST" duration-ms="95">
      <class name="testNG_validations.SoftAssertExample">
        <test-method signature="createCustomerTest()[pri:0, instance:testNG_validations.SoftAssertExample@3270d194]" started-at="2026-08-07T07:24:05 IST" name="createCustomerTest" finished-at="2026-08-07T07:24:05 IST" duration-ms="35" status="PASS">
          <reporter-output>
          </reporter-output>
        </test-method> <!-- createCustomerTest -->
        <test-method signature="deleteCustomerTest()[pri:0, instance:testNG_validations.SoftAssertExample@3270d194]" started-at="2026-08-07T07:24:05 IST" name="deleteCustomerTest" finished-at="2026-08-07T07:24:05 IST" duration-ms="2" status="PASS">
          <reporter-output>
          </reporter-output>
        </test-method> <!-- deleteCustomerTest -->
      </class> <!-- testNG_validations.SoftAssertExample -->
    </test> <!-- Default test -->
  </suite> <!-- Default suite -->
</testng-results>
